{"numFailedTestSuites":0,"numFailedTests":0,"numPassedTestSuites":2,"numPassedTests":3,"numPendingTestSuites":0,"numPendingTests":0,"numRuntimeErrorTestSuites":0,"numTodoTests":0,"numTotalTestSuites":2,"numTotalTests":3,"openHandles":[],"snapshot":{"added":0,"didUpdate":false,"failure":false,"filesAdded":0,"filesRemoved":0,"filesRemovedList":[],"filesUnmatched":0,"filesUpdated":0,"matched":0,"total":0,"unchecked":0,"uncheckedKeysByFile":[],"unmatched":0,"updated":0},"startTime":1709584683290,"success":true,"testResults":[{"assertionResults":[{"ancestorTitles":["NotFoundComponent"],"duration":24,"failureDetails":[],"failureMessages":[],"fullName":"NotFoundComponent should create","invocations":1,"location":null,"numPassingAsserts":1,"retryReasons":[],"status":"passed","title":"should create"}],"endTime":1709584685330,"message":"","name":"/Users/ryan/Projects/speed-run/apps/speed-run/src/app/notFound.component.spec.ts","startTime":1709584684012,"status":"passed","summary":""},{"assertionResults":[{"ancestorTitles":["AppComponent"],"duration":28,"failureDetails":[],"failureMessages":[],"fullName":"AppComponent should render title","invocations":1,"location":null,"numPassingAsserts":1,"retryReasons":[],"status":"passed","title":"should render title"},{"ancestorTitles":["AppComponent"],"duration":5,"failureDetails":[],"failureMessages":[],"fullName":"AppComponent should have as title 'Speedrun'","invocations":1,"location":null,"numPassingAsserts":1,"retryReasons":[],"status":"passed","title":"should have as title 'Speedrun'"}],"endTime":1709584685471,"message":"","name":"/Users/ryan/Projects/speed-run/apps/speed-run/src/app/app.component.spec.ts","startTime":1709584684012,"status":"passed","summary":""}],"wasInterrupted":false}
