{"numFailedTestSuites":4,"numFailedTests":0,"numPassedTestSuites":0,"numPassedTests":0,"numPendingTestSuites":0,"numPendingTests":0,"numRuntimeErrorTestSuites":4,"numTodoTests":0,"numTotalTestSuites":4,"numTotalTests":0,"openHandles":[],"snapshot":{"added":0,"didUpdate":false,"failure":false,"filesAdded":0,"filesRemoved":0,"filesRemovedList":[],"filesUnmatched":0,"filesUpdated":0,"matched":0,"total":0,"unchecked":0,"uncheckedKeysByFile":[],"unmatched":0,"updated":0},"startTime":1709329721362,"success":false,"testResults":[{"assertionResults":[],"coverage":{},"endTime":1709329727026,"message":"  \u001b[1m● \u001b[22mTest suite failed to run\n\n    \u001b[96mapps/speed-run/src/app/notFound.component.ts\u001b[0m:\u001b[93m12\u001b[0m:\u001b[93m14\u001b[0m - \u001b[91merror\u001b[0m\u001b[90m TS2420: \u001b[0mClass 'NotFoundComponent' incorrectly implements interface 'OnInit'.\n      Property 'ngOnInit' is missing in type 'NotFoundComponent' but required in type 'OnInit'.\n\n    \u001b[7m12\u001b[0m export class NotFoundComponent implements OnInit {\n    \u001b[7m  \u001b[0m \u001b[91m             ~~~~~~~~~~~~~~~~~\u001b[0m\n\n      \u001b[96mnode_modules/@angular/core/index.d.ts\u001b[0m:\u001b[93m7251\u001b[0m:\u001b[93m5\u001b[0m\n        \u001b[7m7251\u001b[0m     ngOnInit(): void;\n        \u001b[7m    \u001b[0m \u001b[96m    ~~~~~~~~~~~~~~~~~\u001b[0m\n        'ngOnInit' is declared here.\n    \u001b[96mapps/speed-run/src/app/notFound.component.ts\u001b[0m:\u001b[93m13\u001b[0m:\u001b[93m3\u001b[0m - \u001b[91merror\u001b[0m\u001b[90m TS7008: \u001b[0mMember 'foo' implicitly has an 'any' type.\n\n    \u001b[7m13\u001b[0m   foo;\n    \u001b[7m  \u001b[0m \u001b[91m  ~~~\u001b[0m\n","name":"/Users/ryan/Projects/speed-run/apps/speed-run/src/app/notFound.component.spec.js","startTime":1709329727026,"status":"failed","summary":""},{"assertionResults":[],"coverage":{},"endTime":1709329727026,"message":"  \u001b[1m● \u001b[22mTest suite failed to run\n\n    \u001b[96mapps/speed-run/src/app/notFound.component.ts\u001b[0m:\u001b[93m12\u001b[0m:\u001b[93m14\u001b[0m - \u001b[91merror\u001b[0m\u001b[90m TS2420: \u001b[0mClass 'NotFoundComponent' incorrectly implements interface 'OnInit'.\n      Property 'ngOnInit' is missing in type 'NotFoundComponent' but required in type 'OnInit'.\n\n    \u001b[7m12\u001b[0m export class NotFoundComponent implements OnInit {\n    \u001b[7m  \u001b[0m \u001b[91m             ~~~~~~~~~~~~~~~~~\u001b[0m\n\n      \u001b[96mnode_modules/@angular/core/index.d.ts\u001b[0m:\u001b[93m7251\u001b[0m:\u001b[93m5\u001b[0m\n        \u001b[7m7251\u001b[0m     ngOnInit(): void;\n        \u001b[7m    \u001b[0m \u001b[96m    ~~~~~~~~~~~~~~~~~\u001b[0m\n        'ngOnInit' is declared here.\n    \u001b[96mapps/speed-run/src/app/notFound.component.ts\u001b[0m:\u001b[93m13\u001b[0m:\u001b[93m3\u001b[0m - \u001b[91merror\u001b[0m\u001b[90m TS7008: \u001b[0mMember 'foo' implicitly has an 'any' type.\n\n    \u001b[7m13\u001b[0m   foo;\n    \u001b[7m  \u001b[0m \u001b[91m  ~~~\u001b[0m\n","name":"/Users/ryan/Projects/speed-run/apps/speed-run/src/app/notFound.component.spec.ts","startTime":1709329727026,"status":"failed","summary":""},{"assertionResults":[],"coverage":{},"endTime":1709329727026,"message":"  \u001b[1m● \u001b[22mTest suite failed to run\n\n    \u001b[96mapps/speed-run/src/app/app.component.ts\u001b[0m:\u001b[93m51\u001b[0m:\u001b[93m14\u001b[0m - \u001b[91merror\u001b[0m\u001b[90m TS2420: \u001b[0mClass 'AppComponent' incorrectly implements interface 'OnChanges'.\n      Property 'ngOnChanges' is missing in type 'AppComponent' but required in type 'OnChanges'.\n\n    \u001b[7m51\u001b[0m export class AppComponent implements OnChanges, OnInit {\n    \u001b[7m  \u001b[0m \u001b[91m             ~~~~~~~~~~~~\u001b[0m\n\n      \u001b[96mnode_modules/@angular/core/index.d.ts\u001b[0m:\u001b[93m7201\u001b[0m:\u001b[93m5\u001b[0m\n        \u001b[7m7201\u001b[0m     ngOnChanges(changes: SimpleChanges): void;\n        \u001b[7m    \u001b[0m \u001b[96m    ~~~~~~~~~~~~~~~~~~~~~~~~~~~~~~~~~~~~~~~~~~\u001b[0m\n        'ngOnChanges' is declared here.\n    \u001b[96mapps/speed-run/src/app/app.component.ts\u001b[0m:\u001b[93m51\u001b[0m:\u001b[93m14\u001b[0m - \u001b[91merror\u001b[0m\u001b[90m TS2420: \u001b[0mClass 'AppComponent' incorrectly implements interface 'OnInit'.\n      Property 'ngOnInit' is missing in type 'AppComponent' but required in type 'OnInit'.\n\n    \u001b[7m51\u001b[0m export class AppComponent implements OnChanges, OnInit {\n    \u001b[7m  \u001b[0m \u001b[91m             ~~~~~~~~~~~~\u001b[0m\n\n      \u001b[96mnode_modules/@angular/core/index.d.ts\u001b[0m:\u001b[93m7251\u001b[0m:\u001b[93m5\u001b[0m\n        \u001b[7m7251\u001b[0m     ngOnInit(): void;\n        \u001b[7m    \u001b[0m \u001b[96m    ~~~~~~~~~~~~~~~~~\u001b[0m\n        'ngOnInit' is declared here.\n","name":"/Users/ryan/Projects/speed-run/apps/speed-run/src/app/app.component.spec.ts","startTime":1709329727026,"status":"failed","summary":""},{"assertionResults":[],"coverage":{},"endTime":1709329727026,"message":"  \u001b[1m● \u001b[22mTest suite failed to run\n\n    \u001b[96mapps/speed-run/src/app/app.component.ts\u001b[0m:\u001b[93m51\u001b[0m:\u001b[93m14\u001b[0m - \u001b[91merror\u001b[0m\u001b[90m TS2420: \u001b[0mClass 'AppComponent' incorrectly implements interface 'OnChanges'.\n      Property 'ngOnChanges' is missing in type 'AppComponent' but required in type 'OnChanges'.\n\n    \u001b[7m51\u001b[0m export class AppComponent implements OnChanges, OnInit {\n    \u001b[7m  \u001b[0m \u001b[91m             ~~~~~~~~~~~~\u001b[0m\n\n      \u001b[96mnode_modules/@angular/core/index.d.ts\u001b[0m:\u001b[93m7201\u001b[0m:\u001b[93m5\u001b[0m\n        \u001b[7m7201\u001b[0m     ngOnChanges(changes: SimpleChanges): void;\n        \u001b[7m    \u001b[0m \u001b[96m    ~~~~~~~~~~~~~~~~~~~~~~~~~~~~~~~~~~~~~~~~~~\u001b[0m\n        'ngOnChanges' is declared here.\n    \u001b[96mapps/speed-run/src/app/app.component.ts\u001b[0m:\u001b[93m51\u001b[0m:\u001b[93m14\u001b[0m - \u001b[91merror\u001b[0m\u001b[90m TS2420: \u001b[0mClass 'AppComponent' incorrectly implements interface 'OnInit'.\n      Property 'ngOnInit' is missing in type 'AppComponent' but required in type 'OnInit'.\n\n    \u001b[7m51\u001b[0m export class AppComponent implements OnChanges, OnInit {\n    \u001b[7m  \u001b[0m \u001b[91m             ~~~~~~~~~~~~\u001b[0m\n\n      \u001b[96mnode_modules/@angular/core/index.d.ts\u001b[0m:\u001b[93m7251\u001b[0m:\u001b[93m5\u001b[0m\n        \u001b[7m7251\u001b[0m     ngOnInit(): void;\n        \u001b[7m    \u001b[0m \u001b[96m    ~~~~~~~~~~~~~~~~~\u001b[0m\n        'ngOnInit' is declared here.\n","name":"/Users/ryan/Projects/speed-run/apps/speed-run/src/app/app.component.spec.js","startTime":1709329727026,"status":"failed","summary":""}],"wasInterrupted":false}
